<?xml version="1.0" encoding="UTF-8"?>
<!-- Generated by org.testng.reporters.JUnitXMLReporter -->
<testsuite ignored="0" hostname="USHYDKNASURUD5" failures="0" tests="1" name=" RetryLoginLogout Test" time="48.118" errors="0" timestamp="26 Mar 2024 10:22:08 GMT">
  <testcase classname="com.qmetry.qaf.automation.step.client.Scenario" name="Add Retry script for login/logout functionality, need to retry execution if the script fails for first attempt" time="47.673"/>
</testsuite> <!--  RetryLoginLogout Test -->
