<?xml version="1.0" encoding="UTF-8"?>
<!-- Generated by org.testng.reporters.JUnitXMLReporter -->
<testsuite ignored="1" hostname="USHYDKNASURUD5" failures="0" tests="1" name="Data Driven JSON Test" time="10.709" errors="0" timestamp="27 Mar 2024 09:28:56 GMT">
  <testcase classname="com.qmetry.qaf.automation.step.client.DataDrivenScenario" name="user able to create data driven approach using JSON as the input file and output in JSON format." time="10.2"/>
  <testcase classname="com.qmetry.qaf.automation.step.client.DataDrivenScenario" name="user able to create data driven approach using JSON as the input file and output in JSON format." time="0.0">
    <ignored/>
  </testcase> <!-- user able to create data driven approach using JSON as the input file and output in JSON format. -->
</testsuite> <!-- Data Driven JSON Test -->
