<?xml version="1.0" encoding="UTF-8"?>
<testng-results ignored="1" total="2" passed="1" failed="0" skipped="0">
  <reporter-output>
    <line>
      <![CDATA[<div style="display:block;margin-left:10px;"><div  class="teststeppass"><span class="teststeppass-label">T </span>Given user able to login the "DemoSitee" with valid credentials</div></div>]]>
    </line>
  </reporter-output>
  <suite started-at="2024-03-27T09:28:45Z" name="Web Suite" finished-at="2024-03-27T09:28:56Z" duration-ms="10709">
    <groups>
      <group name="@DataDrivenJSON">
        <method signature="src.main.resources.scenarios.dataDrivenJSON.feature.user able to create data driven approach using JSON as the input file and output in JSON format.( java.util.Map)[pri:1000, instance:com.qmetry.qaf.automation.step.client.DataDrivenScenario@3e8]" name="user able to create data driven approach using JSON as the input file and output in JSON format." class="com.qmetry.qaf.automation.step.client.DataDrivenScenario"/>
      </group> <!-- @DataDrivenJSON -->
    </groups>
    <test started-at="2024-03-27T09:28:45Z" name="Data Driven JSON Test" finished-at="2024-03-27T09:28:56Z" duration-ms="10709">
      <class name="com.qmetry.qaf.automation.step.client.DataDrivenScenario">
        <test-method is-config="true" signature="setupSuit(org.testng.ITestContext)[pri:0, instance:com.qmetry.qaf.automation.step.client.DataDrivenScenario@3e8]" started-at="2024-03-27T14:58:45Z" name="setupSuit" test-instance-name="user able to create data driven approach using JSON as the input file and output in JSON format." finished-at="2024-03-27T14:58:45Z" duration-ms="18" status="PASS">
          <params>
            <param index="0">
              <value>
                <![CDATA[org.testng.TestRunner@6cc4cdb9]]>
              </value>
            </param>
          </params>
          <reporter-output>
          </reporter-output>
        </test-method> <!-- setupSuit -->
        <test-method is-config="true" signature="setupTest(org.testng.ITestContext)[pri:0, instance:com.qmetry.qaf.automation.step.client.DataDrivenScenario@3e8]" started-at="2024-03-27T14:58:45Z" name="setupTest" test-instance-name="user able to create data driven approach using JSON as the input file and output in JSON format." finished-at="2024-03-27T14:58:45Z" duration-ms="10" status="PASS">
          <params>
            <param index="0">
              <value>
                <![CDATA[org.testng.TestRunner@6cc4cdb9]]>
              </value>
            </param>
          </params>
          <reporter-output>
          </reporter-output>
        </test-method> <!-- setupTest -->
        <test-method is-config="true" signature="setup(org.testng.ITestContext)[pri:0, instance:com.qmetry.qaf.automation.step.client.DataDrivenScenario@3e8]" started-at="2024-03-27T14:58:45Z" name="setup" test-instance-name="user able to create data driven approach using JSON as the input file and output in JSON format." finished-at="2024-03-27T14:58:45Z" duration-ms="0" status="PASS">
          <params>
            <param index="0">
              <value>
                <![CDATA[org.testng.TestRunner@6cc4cdb9]]>
              </value>
            </param>
          </params>
          <reporter-output>
          </reporter-output>
        </test-method> <!-- setup -->
        <test-method is-config="true" signature="setupMethod(java.lang.reflect.Method, org.testng.ITestContext)[pri:0, instance:com.qmetry.qaf.automation.step.client.DataDrivenScenario@3e8]" started-at="2024-03-27T14:58:45Z" name="setupMethod" test-instance-name="user able to create data driven approach using JSON as the input file and output in JSON format." finished-at="2024-03-27T14:58:45Z" duration-ms="1" status="PASS">
          <params>
            <param index="0">
              <value>
                <![CDATA[public void com.qmetry.qaf.automation.step.client.DataDrivenScenario.scenario(java.util.Map)]]>
              </value>
            </param>
            <param index="1">
              <value>
                <![CDATA[org.testng.TestRunner@6cc4cdb9]]>
              </value>
            </param>
          </params>
          <reporter-output>
          </reporter-output>
        </test-method> <!-- setupMethod -->
        <test-method signature="( java.util.Map)[pri:1000, instance:com.qmetry.qaf.automation.step.client.DataDrivenScenario@3e8]" started-at="2024-03-27T14:58:45Z" name="user able to create data driven approach using JSON as the input file and output in JSON format." test-instance-name="user able to create data driven approach using JSON as the input file and output in JSON format." finished-at="2024-03-27T14:58:56Z" duration-ms="10200" status="PASS">
          <params>
            <param index="0">
              <value>
                <![CDATA[{application=DemoSitee, __index=1}]]>
              </value>
            </param>
          </params>
          <reporter-output>
            <line>
              <![CDATA[<div style="display:block;margin-left:10px;"><div  class="teststeppass"><span class="teststeppass-label">T </span>Given user able to login the "DemoSitee" with valid credentials</div></div>]]>
            </line>
          </reporter-output>
        </test-method> <!-- user able to create data driven approach using JSON as the input file and output in JSON format. -->
        <test-method is-config="true" signature="afterMethod(org.testng.ITestContext, org.testng.ITestResult)[pri:0, instance:com.qmetry.qaf.automation.step.client.DataDrivenScenario@3e8]" started-at="2024-03-27T14:58:56Z" name="afterMethod" test-instance-name="user able to create data driven approach using JSON as the input file and output in JSON format." finished-at="2024-03-27T14:58:56Z" duration-ms="0" status="PASS">
          <params>
            <param index="0">
              <value>
                <![CDATA[org.testng.TestRunner@6cc4cdb9]]>
              </value>
            </param>
            <param index="1">
              <value>
                <![CDATA[[TestResult name=user able to create data driven approach using JSON as the input file and output in JSON format. status=SUCCESS method=src.main.resources.scenarios.dataDrivenJSON.feature.user able to create data driven approach using JSON as the input file and output in JSON format.( java.util.Map)[pri:1000, instance:com.qmetry.qaf.automation.step.client.DataDrivenScenario@3e8] output=<div style="display:block;margin-left:10px;"><div  class="teststeppass"><span class="teststeppass-label">T </span>Given user able to login the "DemoSitee" with valid credentials</div></div>]]]>
              </value>
            </param>
          </params>
          <reporter-output>
          </reporter-output>
        </test-method> <!-- afterMethod -->
        <test-method is-config="true" signature="afterClass(org.testng.ITestContext)[pri:0, instance:com.qmetry.qaf.automation.step.client.DataDrivenScenario@3e8]" started-at="2024-03-27T14:58:56Z" name="afterClass" test-instance-name="user able to create data driven approach using JSON as the input file and output in JSON format." finished-at="2024-03-27T14:58:56Z" duration-ms="0" status="PASS">
          <params>
            <param index="0">
              <value>
                <![CDATA[org.testng.TestRunner@6cc4cdb9]]>
              </value>
            </param>
          </params>
          <reporter-output>
          </reporter-output>
        </test-method> <!-- afterClass -->
        <test-method is-config="true" signature="afterTest(org.testng.ITestContext)[pri:0, instance:com.qmetry.qaf.automation.step.client.DataDrivenScenario@3e8]" started-at="2024-03-27T14:58:56Z" name="afterTest" test-instance-name="user able to create data driven approach using JSON as the input file and output in JSON format." finished-at="2024-03-27T14:58:56Z" duration-ms="196" status="PASS">
          <params>
            <param index="0">
              <value>
                <![CDATA[org.testng.TestRunner@6cc4cdb9]]>
              </value>
            </param>
          </params>
          <reporter-output>
          </reporter-output>
        </test-method> <!-- afterTest -->
        <test-method is-config="true" signature="afterSuit(org.testng.ITestContext)[pri:0, instance:com.qmetry.qaf.automation.step.client.DataDrivenScenario@3e8]" started-at="2024-03-27T14:58:56Z" name="afterSuit" test-instance-name="user able to create data driven approach using JSON as the input file and output in JSON format." finished-at="2024-03-27T14:58:56Z" duration-ms="2" status="PASS">
          <params>
            <param index="0">
              <value>
                <![CDATA[org.testng.TestRunner@6cc4cdb9]]>
              </value>
            </param>
          </params>
          <reporter-output>
          </reporter-output>
        </test-method> <!-- afterSuit -->
      </class> <!-- com.qmetry.qaf.automation.step.client.DataDrivenScenario -->
    </test> <!-- Data Driven JSON Test -->
  </suite> <!-- Web Suite -->
</testng-results>
